  [1m[35m (379.0ms)[0m  [1m[35mCREATE DATABASE "project_dev" ENCODING = 'utf8'[0m
  ↳ /Users/tbyington/.rbenv/versions/2.5.3/gemsets/project/bin/rake:23
  [1m[35m (300.8ms)[0m  [1m[35mCREATE DATABASE "project_test" ENCODING = 'utf8'[0m
  ↳ /Users/tbyington/.rbenv/versions/2.5.3/gemsets/project/bin/rake:23
  [1m[35m (6.9ms)[0m  [1m[35mCREATE TABLE "schema_migrations" ("version" character varying NOT NULL PRIMARY KEY)[0m
  ↳ /Users/tbyington/.rbenv/versions/2.5.3/gemsets/project/bin/rake:23
  [1m[35m (2.8ms)[0m  [1m[35mCREATE TABLE "ar_internal_metadata" ("key" character varying NOT NULL PRIMARY KEY, "value" character varying, "created_at" timestamp NOT NULL, "updated_at" timestamp NOT NULL)[0m
  ↳ /Users/tbyington/.rbenv/versions/2.5.3/gemsets/project/bin/rake:23
  [1m[35m (0.7ms)[0m  [1m[34mSELECT pg_try_advisory_lock(4514231733252208590)[0m
  ↳ /Users/tbyington/.rbenv/versions/2.5.3/gemsets/project/bin/rake:23
  [1m[35m (0.5ms)[0m  [1m[34mSELECT "schema_migrations"."version" FROM "schema_migrations" ORDER BY "schema_migrations"."version" ASC[0m
  ↳ /Users/tbyington/.rbenv/versions/2.5.3/gemsets/project/bin/rake:23
  [1m[36mActiveRecord::InternalMetadata Load (0.5ms)[0m  [1m[34mSELECT  "ar_internal_metadata".* FROM "ar_internal_metadata" WHERE "ar_internal_metadata"."key" = $1 LIMIT $2[0m  [["key", "environment"], ["LIMIT", 1]]
  ↳ /Users/tbyington/.rbenv/versions/2.5.3/gemsets/project/bin/rake:23
  [1m[35m (0.2ms)[0m  [1m[35mBEGIN[0m
  ↳ /Users/tbyington/.rbenv/versions/2.5.3/gemsets/project/bin/rake:23
  [1m[36mActiveRecord::InternalMetadata Create (0.7ms)[0m  [1m[32mINSERT INTO "ar_internal_metadata" ("key", "value", "created_at", "updated_at") VALUES ($1, $2, $3, $4) RETURNING "key"[0m  [["key", "environment"], ["value", "development"], ["created_at", "2018-12-11 19:17:28.373113"], ["updated_at", "2018-12-11 19:17:28.373113"]]
  ↳ /Users/tbyington/.rbenv/versions/2.5.3/gemsets/project/bin/rake:23
  [1m[35m (0.3ms)[0m  [1m[35mCOMMIT[0m
  ↳ /Users/tbyington/.rbenv/versions/2.5.3/gemsets/project/bin/rake:23
  [1m[35m (0.2ms)[0m  [1m[34mSELECT pg_advisory_unlock(4514231733252208590)[0m
  ↳ /Users/tbyington/.rbenv/versions/2.5.3/gemsets/project/bin/rake:23
  [1m[35m (0.2ms)[0m  [1m[34mSELECT "schema_migrations"."version" FROM "schema_migrations" ORDER BY "schema_migrations"."version" ASC[0m
  ↳ /Users/tbyington/.rbenv/versions/2.5.3/gemsets/project/bin/rake:23
Started GET "/" for 127.0.0.1 at 2018-12-11 12:18:00 -0700
Processing by Rails::WelcomeController#index as HTML
  Rendering /Users/tbyington/.rbenv/versions/2.5.3/gemsets/project/gems/railties-5.2.2/lib/rails/templates/rails/welcome/index.html.erb
  Rendered /Users/tbyington/.rbenv/versions/2.5.3/gemsets/project/gems/railties-5.2.2/lib/rails/templates/rails/welcome/index.html.erb (3.7ms)
Completed 200 OK in 23ms (Views: 13.2ms | ActiveRecord: 0.0ms)


  [1m[35m (0.2ms)[0m  [1m[34mSELECT pg_try_advisory_lock(4514231733252208590)[0m
  ↳ /Users/tbyington/.rbenv/versions/2.5.3/gemsets/project/bin/rake:23
  [1m[35m (0.5ms)[0m  [1m[34mSELECT "schema_migrations"."version" FROM "schema_migrations" ORDER BY "schema_migrations"."version" ASC[0m
  ↳ /Users/tbyington/.rbenv/versions/2.5.3/gemsets/project/bin/rake:23
Migrating to CreateTasks (20181211192328)
  [1m[35m (0.2ms)[0m  [1m[35mBEGIN[0m
  ↳ /Users/tbyington/.rbenv/versions/2.5.3/gemsets/project/bin/rake:23
  [1m[35m (4.4ms)[0m  [1m[35mCREATE TABLE "tasks" ("id" bigserial primary key, "name" character varying, "start" date, "end" date, "created_at" timestamp NOT NULL, "updated_at" timestamp NOT NULL)[0m
  ↳ db/migrate/20181211192328_create_tasks.rb:3
  [1m[36mActiveRecord::SchemaMigration Create (0.5ms)[0m  [1m[32mINSERT INTO "schema_migrations" ("version") VALUES ($1) RETURNING "version"[0m  [["version", "20181211192328"]]
  ↳ /Users/tbyington/.rbenv/versions/2.5.3/gemsets/project/bin/rake:23
  [1m[35m (0.5ms)[0m  [1m[35mCOMMIT[0m
  ↳ /Users/tbyington/.rbenv/versions/2.5.3/gemsets/project/bin/rake:23
Migrating to CreateResources (20181211192350)
  [1m[35m (0.3ms)[0m  [1m[35mBEGIN[0m
  ↳ /Users/tbyington/.rbenv/versions/2.5.3/gemsets/project/bin/rake:23
  [1m[35m (2.0ms)[0m  [1m[35mCREATE TABLE "resources" ("id" bigserial primary key, "name" character varying, "created_at" timestamp NOT NULL, "updated_at" timestamp NOT NULL)[0m
  ↳ db/migrate/20181211192350_create_resources.rb:3
  [1m[36mActiveRecord::SchemaMigration Create (0.3ms)[0m  [1m[32mINSERT INTO "schema_migrations" ("version") VALUES ($1) RETURNING "version"[0m  [["version", "20181211192350"]]
  ↳ /Users/tbyington/.rbenv/versions/2.5.3/gemsets/project/bin/rake:23
  [1m[35m (0.4ms)[0m  [1m[35mCOMMIT[0m
  ↳ /Users/tbyington/.rbenv/versions/2.5.3/gemsets/project/bin/rake:23
  [1m[36mActiveRecord::InternalMetadata Load (0.3ms)[0m  [1m[34mSELECT  "ar_internal_metadata".* FROM "ar_internal_metadata" WHERE "ar_internal_metadata"."key" = $1 LIMIT $2[0m  [["key", "environment"], ["LIMIT", 1]]
  ↳ /Users/tbyington/.rbenv/versions/2.5.3/gemsets/project/bin/rake:23
  [1m[35m (0.2ms)[0m  [1m[35mBEGIN[0m
  ↳ /Users/tbyington/.rbenv/versions/2.5.3/gemsets/project/bin/rake:23
  [1m[35m (0.2ms)[0m  [1m[35mCOMMIT[0m
  ↳ /Users/tbyington/.rbenv/versions/2.5.3/gemsets/project/bin/rake:23
  [1m[35m (0.2ms)[0m  [1m[34mSELECT pg_advisory_unlock(4514231733252208590)[0m
  ↳ /Users/tbyington/.rbenv/versions/2.5.3/gemsets/project/bin/rake:23
  [1m[35m (0.3ms)[0m  [1m[34mSELECT "schema_migrations"."version" FROM "schema_migrations" ORDER BY "schema_migrations"."version" ASC[0m
  ↳ /Users/tbyington/.rbenv/versions/2.5.3/gemsets/project/bin/rake:23
Started GET "/" for 127.0.0.1 at 2018-12-11 12:24:25 -0700
  [1m[35m (0.7ms)[0m  [1m[34mSELECT "schema_migrations"."version" FROM "schema_migrations" ORDER BY "schema_migrations"."version" ASC[0m
  ↳ /Users/tbyington/.rbenv/versions/2.5.3/gemsets/project/gems/activerecord-5.2.2/lib/active_record/log_subscriber.rb:98
Processing by Rails::WelcomeController#index as HTML
  Rendering /Users/tbyington/.rbenv/versions/2.5.3/gemsets/project/gems/railties-5.2.2/lib/rails/templates/rails/welcome/index.html.erb
  Rendered /Users/tbyington/.rbenv/versions/2.5.3/gemsets/project/gems/railties-5.2.2/lib/rails/templates/rails/welcome/index.html.erb (2.6ms)
Completed 200 OK in 16ms (Views: 6.5ms | ActiveRecord: 0.0ms)


Started GET "/tasks" for 127.0.0.1 at 2018-12-11 12:24:36 -0700
Processing by TasksController#index as HTML
  Rendering tasks/index.html.erb within layouts/application
  [1m[36mTask Load (0.5ms)[0m  [1m[34mSELECT "tasks".* FROM "tasks"[0m
  ↳ app/views/tasks/index.html.erb:16
  Rendered tasks/index.html.erb within layouts/application (3.4ms)
Completed 200 OK in 547ms (Views: 540.2ms | ActiveRecord: 1.8ms)


Started GET "/tasks/new" for 127.0.0.1 at 2018-12-11 12:25:02 -0700
Processing by TasksController#new as HTML
  Rendering tasks/new.html.erb within layouts/application
  Rendered tasks/_form.html.erb (24.3ms)
  Rendered tasks/new.html.erb within layouts/application (26.8ms)
Completed 200 OK in 62ms (Views: 46.9ms | ActiveRecord: 6.6ms)


Started POST "/tasks" for 127.0.0.1 at 2018-12-11 12:25:13 -0700
Processing by TasksController#create as HTML
  Parameters: {"utf8"=>"✓", "authenticity_token"=>"wugQcAkymvghpYncu8APKA6UR+0Ef0FWjjivTdXcBEfdfuTn1iXeEr9wQJcwG7i4SLTB9K6g6G3Moss0SkHaWg==", "task"=>{"name"=>"Project Tool", "start(1i)"=>"2018", "start(2i)"=>"12", "start(3i)"=>"11", "end(1i)"=>"2018", "end(2i)"=>"12", "end(3i)"=>"31"}, "commit"=>"Create Task"}
  [1m[35m (0.2ms)[0m  [1m[35mBEGIN[0m
  ↳ app/controllers/tasks_controller.rb:30
  [1m[36mTask Create (1.0ms)[0m  [1m[32mINSERT INTO "tasks" ("name", "start", "end", "created_at", "updated_at") VALUES ($1, $2, $3, $4, $5) RETURNING "id"[0m  [["name", "Project Tool"], ["start", "2018-12-11"], ["end", "2018-12-31"], ["created_at", "2018-12-11 19:25:13.388775"], ["updated_at", "2018-12-11 19:25:13.388775"]]
  ↳ app/controllers/tasks_controller.rb:30
  [1m[35m (0.3ms)[0m  [1m[35mCOMMIT[0m
  ↳ app/controllers/tasks_controller.rb:30
Redirected to http://localhost:3000/tasks/1
Completed 302 Found in 6ms (ActiveRecord: 1.5ms)


Started GET "/tasks/1" for 127.0.0.1 at 2018-12-11 12:25:13 -0700
Processing by TasksController#show as HTML
  Parameters: {"id"=>"1"}
  [1m[36mTask Load (0.4ms)[0m  [1m[34mSELECT  "tasks".* FROM "tasks" WHERE "tasks"."id" = $1 LIMIT $2[0m  [["id", 1], ["LIMIT", 1]]
  ↳ app/controllers/tasks_controller.rb:67
  Rendering tasks/show.html.erb within layouts/application
  Rendered tasks/show.html.erb within layouts/application (0.6ms)
Completed 200 OK in 25ms (Views: 18.9ms | ActiveRecord: 0.6ms)


Started GET "/tasks" for 127.0.0.1 at 2018-12-11 12:25:23 -0700
Processing by TasksController#index as HTML
  Rendering tasks/index.html.erb within layouts/application
  [1m[36mTask Load (0.3ms)[0m  [1m[34mSELECT "tasks".* FROM "tasks"[0m
  ↳ app/views/tasks/index.html.erb:16
  Rendered tasks/index.html.erb within layouts/application (1.8ms)
Completed 200 OK in 24ms (Views: 21.6ms | ActiveRecord: 0.3ms)


Started GET "/tasks/new" for 127.0.0.1 at 2018-12-11 12:25:28 -0700
Processing by TasksController#new as HTML
  Rendering tasks/new.html.erb within layouts/application
  Rendered tasks/_form.html.erb (3.0ms)
  Rendered tasks/new.html.erb within layouts/application (5.5ms)
Completed 200 OK in 26ms (Views: 23.1ms | ActiveRecord: 0.0ms)


Started POST "/tasks" for 127.0.0.1 at 2018-12-11 12:25:48 -0700
Processing by TasksController#create as HTML
  Parameters: {"utf8"=>"✓", "authenticity_token"=>"M8J7YNBVKoPnGsjHiu/fInrlsINHRbn0JZhRsNzXKRAsVI/3D0JuaXnPAYwBNGiyPMU2mu2aEM9nAjXJQ0r3DQ==", "task"=>{"name"=>"Automation Tool", "start(1i)"=>"2018", "start(2i)"=>"12", "start(3i)"=>"17", "end(1i)"=>"2019", "end(2i)"=>"1", "end(3i)"=>"22"}, "commit"=>"Create Task"}
  [1m[35m (0.2ms)[0m  [1m[35mBEGIN[0m
  ↳ app/controllers/tasks_controller.rb:30
  [1m[36mTask Create (0.3ms)[0m  [1m[32mINSERT INTO "tasks" ("name", "start", "end", "created_at", "updated_at") VALUES ($1, $2, $3, $4, $5) RETURNING "id"[0m  [["name", "Automation Tool"], ["start", "2018-12-17"], ["end", "2019-01-22"], ["created_at", "2018-12-11 19:25:48.929912"], ["updated_at", "2018-12-11 19:25:48.929912"]]
  ↳ app/controllers/tasks_controller.rb:30
  [1m[35m (0.3ms)[0m  [1m[35mCOMMIT[0m
  ↳ app/controllers/tasks_controller.rb:30
Redirected to http://localhost:3000/tasks/2
Completed 302 Found in 3ms (ActiveRecord: 0.8ms)


Started GET "/tasks/2" for 127.0.0.1 at 2018-12-11 12:25:48 -0700
Processing by TasksController#show as HTML
  Parameters: {"id"=>"2"}
  [1m[36mTask Load (0.3ms)[0m  [1m[34mSELECT  "tasks".* FROM "tasks" WHERE "tasks"."id" = $1 LIMIT $2[0m  [["id", 2], ["LIMIT", 1]]
  ↳ app/controllers/tasks_controller.rb:67
  Rendering tasks/show.html.erb within layouts/application
  Rendered tasks/show.html.erb within layouts/application (0.7ms)
Completed 200 OK in 25ms (Views: 21.8ms | ActiveRecord: 0.3ms)


Started GET "/tasks" for 127.0.0.1 at 2018-12-11 12:25:53 -0700
Processing by TasksController#index as HTML
  Rendering tasks/index.html.erb within layouts/application
  [1m[36mTask Load (0.3ms)[0m  [1m[34mSELECT "tasks".* FROM "tasks"[0m
  ↳ app/views/tasks/index.html.erb:16
  Rendered tasks/index.html.erb within layouts/application (2.2ms)
Completed 200 OK in 26ms (Views: 23.2ms | ActiveRecord: 0.3ms)


Started GET "/" for 127.0.0.1 at 2018-12-11 12:32:11 -0700
  [1m[35m (0.5ms)[0m  [1m[34mSELECT "schema_migrations"."version" FROM "schema_migrations" ORDER BY "schema_migrations"."version" ASC[0m
  ↳ /Users/tbyington/.rbenv/versions/2.5.3/gemsets/project/gems/activerecord-5.2.2/lib/active_record/log_subscriber.rb:98
  
AbstractController::ActionNotFound (The action 'show' could not be found for OverviewController):
  
actionpack (5.2.2) lib/abstract_controller/base.rb:129:in `process'
actionview (5.2.2) lib/action_view/rendering.rb:32:in `process'
actionpack (5.2.2) lib/action_controller/metal.rb:191:in `dispatch'
actionpack (5.2.2) lib/action_controller/metal.rb:252:in `dispatch'
actionpack (5.2.2) lib/action_dispatch/routing/route_set.rb:52:in `dispatch'
actionpack (5.2.2) lib/action_dispatch/routing/route_set.rb:34:in `serve'
actionpack (5.2.2) lib/action_dispatch/journey/router.rb:52:in `block in serve'
actionpack (5.2.2) lib/action_dispatch/journey/router.rb:35:in `each'
actionpack (5.2.2) lib/action_dispatch/journey/router.rb:35:in `serve'
actionpack (5.2.2) lib/action_dispatch/routing/route_set.rb:840:in `call'
rack (2.0.6) lib/rack/tempfile_reaper.rb:15:in `call'
rack (2.0.6) lib/rack/etag.rb:25:in `call'
rack (2.0.6) lib/rack/conditional_get.rb:25:in `call'
rack (2.0.6) lib/rack/head.rb:12:in `call'
actionpack (5.2.2) lib/action_dispatch/http/content_security_policy.rb:18:in `call'
rack (2.0.6) lib/rack/session/abstract/id.rb:232:in `context'
rack (2.0.6) lib/rack/session/abstract/id.rb:226:in `call'
actionpack (5.2.2) lib/action_dispatch/middleware/cookies.rb:670:in `call'
activerecord (5.2.2) lib/active_record/migration.rb:559:in `call'
actionpack (5.2.2) lib/action_dispatch/middleware/callbacks.rb:28:in `block in call'
activesupport (5.2.2) lib/active_support/callbacks.rb:98:in `run_callbacks'
actionpack (5.2.2) lib/action_dispatch/middleware/callbacks.rb:26:in `call'
actionpack (5.2.2) lib/action_dispatch/middleware/executor.rb:14:in `call'
actionpack (5.2.2) lib/action_dispatch/middleware/debug_exceptions.rb:61:in `call'
web-console (3.7.0) lib/web_console/middleware.rb:135:in `call_app'
web-console (3.7.0) lib/web_console/middleware.rb:30:in `block in call'
web-console (3.7.0) lib/web_console/middleware.rb:20:in `catch'
web-console (3.7.0) lib/web_console/middleware.rb:20:in `call'
actionpack (5.2.2) lib/action_dispatch/middleware/show_exceptions.rb:33:in `call'
railties (5.2.2) lib/rails/rack/logger.rb:38:in `call_app'
railties (5.2.2) lib/rails/rack/logger.rb:26:in `block in call'
activesupport (5.2.2) lib/active_support/tagged_logging.rb:71:in `block in tagged'
activesupport (5.2.2) lib/active_support/tagged_logging.rb:28:in `tagged'
activesupport (5.2.2) lib/active_support/tagged_logging.rb:71:in `tagged'
railties (5.2.2) lib/rails/rack/logger.rb:26:in `call'
sprockets-rails (3.2.1) lib/sprockets/rails/quiet_assets.rb:13:in `call'
actionpack (5.2.2) lib/action_dispatch/middleware/remote_ip.rb:81:in `call'
actionpack (5.2.2) lib/action_dispatch/middleware/request_id.rb:27:in `call'
rack (2.0.6) lib/rack/method_override.rb:22:in `call'
rack (2.0.6) lib/rack/runtime.rb:22:in `call'
activesupport (5.2.2) lib/active_support/cache/strategy/local_cache_middleware.rb:29:in `call'
actionpack (5.2.2) lib/action_dispatch/middleware/executor.rb:14:in `call'
actionpack (5.2.2) lib/action_dispatch/middleware/static.rb:127:in `call'
rack (2.0.6) lib/rack/sendfile.rb:111:in `call'
railties (5.2.2) lib/rails/engine.rb:524:in `call'
puma (3.12.0) lib/puma/configuration.rb:225:in `call'
puma (3.12.0) lib/puma/server.rb:658:in `handle_request'
puma (3.12.0) lib/puma/server.rb:472:in `process_client'
puma (3.12.0) lib/puma/server.rb:332:in `block in run'
puma (3.12.0) lib/puma/thread_pool.rb:133:in `block in spawn_thread'
Started GET "/" for 127.0.0.1 at 2018-12-11 12:32:55 -0700
  [1m[35m (0.6ms)[0m  [1m[34mSELECT "schema_migrations"."version" FROM "schema_migrations" ORDER BY "schema_migrations"."version" ASC[0m
  ↳ /Users/tbyington/.rbenv/versions/2.5.3/gemsets/project/gems/activerecord-5.2.2/lib/active_record/log_subscriber.rb:98
Processing by OverviewController#index as HTML
Completed 406 Not Acceptable in 109ms (ActiveRecord: 0.0ms)


  
ActionController::UnknownFormat (OverviewController#index is missing a template for this request format and variant.

request.formats: ["text/html"]
request.variant: []

NOTE! For XHR/Ajax or API requests, this action would normally respond with 204 No Content: an empty white screen. Since you're loading it in a web browser, we assume that you expected to actually render a template, not nothing, so we're showing an error to be extra-clear. If you expect 204 No Content, carry on. That's what you'll get from an XHR or API request. Give it a shot.):
  
actionpack (5.2.2) lib/action_controller/metal/implicit_render.rb:55:in `default_render'
actionpack (5.2.2) lib/action_controller/metal/basic_implicit_render.rb:6:in `block in send_action'
actionpack (5.2.2) lib/action_controller/metal/basic_implicit_render.rb:6:in `tap'
actionpack (5.2.2) lib/action_controller/metal/basic_implicit_render.rb:6:in `send_action'
actionpack (5.2.2) lib/abstract_controller/base.rb:194:in `process_action'
actionpack (5.2.2) lib/action_controller/metal/rendering.rb:30:in `process_action'
actionpack (5.2.2) lib/abstract_controller/callbacks.rb:42:in `block in process_action'
activesupport (5.2.2) lib/active_support/callbacks.rb:132:in `run_callbacks'
actionpack (5.2.2) lib/abstract_controller/callbacks.rb:41:in `process_action'
actionpack (5.2.2) lib/action_controller/metal/rescue.rb:22:in `process_action'
actionpack (5.2.2) lib/action_controller/metal/instrumentation.rb:34:in `block in process_action'
activesupport (5.2.2) lib/active_support/notifications.rb:168:in `block in instrument'
activesupport (5.2.2) lib/active_support/notifications/instrumenter.rb:23:in `instrument'
activesupport (5.2.2) lib/active_support/notifications.rb:168:in `instrument'
actionpack (5.2.2) lib/action_controller/metal/instrumentation.rb:32:in `process_action'
actionpack (5.2.2) lib/action_controller/metal/params_wrapper.rb:256:in `process_action'
activerecord (5.2.2) lib/active_record/railties/controller_runtime.rb:24:in `process_action'
actionpack (5.2.2) lib/abstract_controller/base.rb:134:in `process'
actionview (5.2.2) lib/action_view/rendering.rb:32:in `process'
actionpack (5.2.2) lib/action_controller/metal.rb:191:in `dispatch'
actionpack (5.2.2) lib/action_controller/metal.rb:252:in `dispatch'
actionpack (5.2.2) lib/action_dispatch/routing/route_set.rb:52:in `dispatch'
actionpack (5.2.2) lib/action_dispatch/routing/route_set.rb:34:in `serve'
actionpack (5.2.2) lib/action_dispatch/journey/router.rb:52:in `block in serve'
actionpack (5.2.2) lib/action_dispatch/journey/router.rb:35:in `each'
actionpack (5.2.2) lib/action_dispatch/journey/router.rb:35:in `serve'
actionpack (5.2.2) lib/action_dispatch/routing/route_set.rb:840:in `call'
rack (2.0.6) lib/rack/tempfile_reaper.rb:15:in `call'
rack (2.0.6) lib/rack/etag.rb:25:in `call'
rack (2.0.6) lib/rack/conditional_get.rb:25:in `call'
rack (2.0.6) lib/rack/head.rb:12:in `call'
actionpack (5.2.2) lib/action_dispatch/http/content_security_policy.rb:18:in `call'
rack (2.0.6) lib/rack/session/abstract/id.rb:232:in `context'
rack (2.0.6) lib/rack/session/abstract/id.rb:226:in `call'
actionpack (5.2.2) lib/action_dispatch/middleware/cookies.rb:670:in `call'
activerecord (5.2.2) lib/active_record/migration.rb:559:in `call'
actionpack (5.2.2) lib/action_dispatch/middleware/callbacks.rb:28:in `block in call'
activesupport (5.2.2) lib/active_support/callbacks.rb:98:in `run_callbacks'
actionpack (5.2.2) lib/action_dispatch/middleware/callbacks.rb:26:in `call'
actionpack (5.2.2) lib/action_dispatch/middleware/executor.rb:14:in `call'
actionpack (5.2.2) lib/action_dispatch/middleware/debug_exceptions.rb:61:in `call'
web-console (3.7.0) lib/web_console/middleware.rb:135:in `call_app'
web-console (3.7.0) lib/web_console/middleware.rb:30:in `block in call'
web-console (3.7.0) lib/web_console/middleware.rb:20:in `catch'
web-console (3.7.0) lib/web_console/middleware.rb:20:in `call'
actionpack (5.2.2) lib/action_dispatch/middleware/show_exceptions.rb:33:in `call'
railties (5.2.2) lib/rails/rack/logger.rb:38:in `call_app'
railties (5.2.2) lib/rails/rack/logger.rb:26:in `block in call'
activesupport (5.2.2) lib/active_support/tagged_logging.rb:71:in `block in tagged'
activesupport (5.2.2) lib/active_support/tagged_logging.rb:28:in `tagged'
activesupport (5.2.2) lib/active_support/tagged_logging.rb:71:in `tagged'
railties (5.2.2) lib/rails/rack/logger.rb:26:in `call'
sprockets-rails (3.2.1) lib/sprockets/rails/quiet_assets.rb:13:in `call'
actionpack (5.2.2) lib/action_dispatch/middleware/remote_ip.rb:81:in `call'
actionpack (5.2.2) lib/action_dispatch/middleware/request_id.rb:27:in `call'
rack (2.0.6) lib/rack/method_override.rb:22:in `call'
rack (2.0.6) lib/rack/runtime.rb:22:in `call'
activesupport (5.2.2) lib/active_support/cache/strategy/local_cache_middleware.rb:29:in `call'
actionpack (5.2.2) lib/action_dispatch/middleware/executor.rb:14:in `call'
actionpack (5.2.2) lib/action_dispatch/middleware/static.rb:127:in `call'
rack (2.0.6) lib/rack/sendfile.rb:111:in `call'
railties (5.2.2) lib/rails/engine.rb:524:in `call'
puma (3.12.0) lib/puma/configuration.rb:225:in `call'
puma (3.12.0) lib/puma/server.rb:658:in `handle_request'
puma (3.12.0) lib/puma/server.rb:472:in `process_client'
puma (3.12.0) lib/puma/server.rb:332:in `block in run'
puma (3.12.0) lib/puma/thread_pool.rb:133:in `block in spawn_thread'
Started GET "/" for 127.0.0.1 at 2018-12-11 12:34:03 -0700
Processing by OverviewController#index as HTML
  Rendering overview/index.html.erb within layouts/application
  Rendered overview/index.html.erb within layouts/application (0.3ms)
Completed 200 OK in 204ms (Views: 201.5ms | ActiveRecord: 0.0ms)


Started GET "/" for 127.0.0.1 at 2018-12-11 12:35:41 -0700
Processing by OverviewController#index as HTML
  [1m[36mResource Load (0.8ms)[0m  [1m[34mSELECT "resources".* FROM "resources"[0m
  ↳ app/controllers/overview_controller.rb:4
  Rendering overview/index.html.erb within layouts/application
  Rendered overview/index.html.erb within layouts/application (0.3ms)
Completed 200 OK in 42ms (Views: 34.4ms | ActiveRecord: 2.5ms)


Started GET "/" for 127.0.0.1 at 2018-12-11 12:36:25 -0700
Processing by OverviewController#index as HTML
  [1m[36mResource Load (0.4ms)[0m  [1m[34mSELECT "resources".* FROM "resources"[0m
  ↳ app/controllers/overview_controller.rb:5
  Rendering overview/index.html.erb within layouts/application
  Rendered overview/index.html.erb within layouts/application (0.3ms)
Completed 200 OK in 29ms (Views: 22.4ms | ActiveRecord: 2.2ms)


Started GET "/" for 127.0.0.1 at 2018-12-11 12:39:04 -0700
Processing by OverviewController#index as HTML
  [1m[36mResource Load (0.3ms)[0m  [1m[34mSELECT "resources".* FROM "resources"[0m
  ↳ app/controllers/overview_controller.rb:5
  Rendering overview/index.html.erb within layouts/application
  Rendered overview/index.html.erb within layouts/application (0.4ms)
Completed 200 OK in 37ms (Views: 31.1ms | ActiveRecord: 1.5ms)


Started GET "/" for 127.0.0.1 at 2018-12-11 12:39:30 -0700
Processing by OverviewController#index as HTML
  [1m[36mResource Load (0.3ms)[0m  [1m[34mSELECT "resources".* FROM "resources"[0m
  ↳ app/controllers/overview_controller.rb:5
  Rendering overview/index.html.erb within layouts/application
  Rendered overview/index.html.erb within layouts/application (1.2ms)
Completed 500 Internal Server Error in 10ms (ActiveRecord: 0.3ms)


  
SyntaxError (/Users/tbyington/Checkouts/github/project/app/views/overview/index.html.erb:4: syntax error, unexpected keyword_end
@output_buffer.append=( end );
                        ^~~
/Users/tbyington/Checkouts/github/project/app/views/overview/index.html.erb:7: syntax error, unexpected keyword_ensure, expecting ')'
          ensure
          ^~~~~~
/Users/tbyington/Checkouts/github/project/app/views/overview/index.html.erb:9: syntax error, unexpected keyword_end, expecting ')'
          end
          ^~~):
  
app/views/overview/index.html.erb:4: syntax error, unexpected keyword_end
app/views/overview/index.html.erb:7: syntax error, unexpected keyword_ensure, expecting ')'
app/views/overview/index.html.erb:9: syntax error, unexpected keyword_end, expecting ')'
Started GET "/" for 127.0.0.1 at 2018-12-11 12:40:06 -0700
Processing by OverviewController#index as HTML
  [1m[36mResource Load (0.3ms)[0m  [1m[34mSELECT "resources".* FROM "resources"[0m
  ↳ app/controllers/overview_controller.rb:5
  Rendering overview/index.html.erb within layouts/application
  Rendered overview/index.html.erb within layouts/application (0.3ms)
Completed 200 OK in 24ms (Views: 21.0ms | ActiveRecord: 0.3ms)


Started GET "/" for 127.0.0.1 at 2018-12-11 12:40:22 -0700
Processing by OverviewController#index as HTML
  [1m[36mResource Load (0.3ms)[0m  [1m[34mSELECT "resources".* FROM "resources"[0m
  ↳ app/controllers/overview_controller.rb:5
  Rendering overview/index.html.erb within layouts/application
  Rendered overview/index.html.erb within layouts/application (0.4ms)
Completed 200 OK in 28ms (Views: 25.2ms | ActiveRecord: 0.3ms)


Started GET "/" for 127.0.0.1 at 2018-12-11 12:43:07 -0700
Processing by OverviewController#index as HTML
  [1m[36mResource Load (0.3ms)[0m  [1m[34mSELECT "resources".* FROM "resources"[0m
  ↳ app/controllers/overview_controller.rb:5
  Rendering overview/index.html.erb within layouts/application
  Rendered overview/index.html.erb within layouts/application (0.3ms)
Completed 200 OK in 24ms (Views: 20.7ms | ActiveRecord: 0.3ms)


Started GET "/" for 127.0.0.1 at 2018-12-11 12:43:24 -0700
Processing by OverviewController#index as HTML
  [1m[36mResource Load (0.4ms)[0m  [1m[34mSELECT "resources".* FROM "resources"[0m
  ↳ app/controllers/overview_controller.rb:5
  Rendering overview/index.html.erb within layouts/application
  Rendered overview/index.html.erb within layouts/application (182.0ms)
Completed 500 Internal Server Error in 190ms (ActiveRecord: 0.4ms)


  
ActionView::Template::Error (undefined local variable or method `lines' for #<#<Class:0x00007fc3d2c9fea8>:0x00007fc3da8a9260>
Did you mean?  @lines):
    3: -- <%= line %>
    4: <% end %>
    5: 
    6: <%= lines.count %>
  
app/views/overview/index.html.erb:6:in `_app_views_overview_index_html_erb___2428137650856742744_70239580933580'
Started GET "/" for 127.0.0.1 at 2018-12-11 12:43:38 -0700
Processing by OverviewController#index as HTML
  [1m[36mResource Load (0.4ms)[0m  [1m[34mSELECT "resources".* FROM "resources"[0m
  ↳ app/controllers/overview_controller.rb:5
  Rendering overview/index.html.erb within layouts/application
  Rendered overview/index.html.erb within layouts/application (0.4ms)
Completed 200 OK in 25ms (Views: 22.4ms | ActiveRecord: 0.4ms)


Started GET "/" for 127.0.0.1 at 2018-12-11 12:44:06 -0700
Processing by OverviewController#index as HTML
  [1m[35m (0.5ms)[0m  [1m[34mSELECT COUNT(*) FROM "resources"[0m
  ↳ app/controllers/overview_controller.rb:5
  [1m[36mResource Load (0.2ms)[0m  [1m[34mSELECT "resources".* FROM "resources"[0m
  ↳ app/controllers/overview_controller.rb:6
  Rendering overview/index.html.erb within layouts/application
  Rendered overview/index.html.erb within layouts/application (0.4ms)
Completed 200 OK in 38ms (Views: 30.9ms | ActiveRecord: 1.9ms)


Started GET "/" for 127.0.0.1 at 2018-12-11 12:44:16 -0700
Processing by OverviewController#index as HTML
  [1m[35m (0.2ms)[0m  [1m[34mSELECT COUNT(*) FROM "resources"[0m
  ↳ app/controllers/overview_controller.rb:5
  [1m[36mResource Load (0.2ms)[0m  [1m[34mSELECT "resources".* FROM "resources"[0m
  ↳ app/controllers/overview_controller.rb:6
  Rendering overview/index.html.erb within layouts/application
  Rendered overview/index.html.erb within layouts/application (0.7ms)
Completed 200 OK in 48ms (Views: 40.6ms | ActiveRecord: 1.7ms)


Started GET "/" for 127.0.0.1 at 2018-12-11 12:44:50 -0700
Processing by OverviewController#index as HTML
  [1m[36mTask Load (0.5ms)[0m  [1m[34mSELECT "tasks".* FROM "tasks"[0m
  ↳ app/controllers/overview_controller.rb:5
  Rendering overview/index.html.erb within layouts/application
  Rendered overview/index.html.erb within layouts/application (0.4ms)
Completed 200 OK in 34ms (Views: 22.1ms | ActiveRecord: 3.9ms)


Started GET "/" for 127.0.0.1 at 2018-12-11 12:45:20 -0700
Processing by OverviewController#index as HTML
  [1m[36mTask Load (0.3ms)[0m  [1m[34mSELECT "tasks".* FROM "tasks"[0m
  ↳ app/controllers/overview_controller.rb:5
  Rendering overview/index.html.erb within layouts/application
  Rendered overview/index.html.erb within layouts/application (0.3ms)
Completed 200 OK in 33ms (Views: 20.8ms | ActiveRecord: 3.5ms)


Started GET "/" for 127.0.0.1 at 2018-12-11 12:45:34 -0700
Processing by OverviewController#index as HTML
  [1m[36mTask Load (0.3ms)[0m  [1m[34mSELECT "tasks".* FROM "tasks"[0m
  ↳ app/controllers/overview_controller.rb:5
  Rendering overview/index.html.erb within layouts/application
  Rendered overview/index.html.erb within layouts/application (0.3ms)
Completed 200 OK in 37ms (Views: 25.4ms | ActiveRecord: 3.2ms)


Started GET "/" for 127.0.0.1 at 2018-12-11 12:45:49 -0700
Processing by OverviewController#index as HTML
  [1m[36mTask Load (0.4ms)[0m  [1m[34mSELECT "tasks".* FROM "tasks"[0m
  ↳ app/controllers/overview_controller.rb:5
  Rendering overview/index.html.erb within layouts/application
  Rendered overview/index.html.erb within layouts/application (0.4ms)
Completed 200 OK in 24ms (Views: 21.3ms | ActiveRecord: 0.4ms)


Started GET "/" for 127.0.0.1 at 2018-12-11 12:47:11 -0700
  
SyntaxError (/Users/tbyington/Checkouts/github/project/app/controllers/overview_controller.rb:7: syntax error, unexpected keyword_end, expecting end-of-input):
  
app/controllers/overview_controller.rb:7: syntax error, unexpected keyword_end, expecting end-of-input
Started GET "/" for 127.0.0.1 at 2018-12-11 12:47:27 -0700
Processing by OverviewController#index as HTML
  Rendering overview/index.html.erb within layouts/application
  [1m[36mTask Load (0.4ms)[0m  [1m[34mSELECT "tasks".* FROM "tasks"[0m
  ↳ app/views/overview/index.html.erb:2
  Rendered overview/index.html.erb within layouts/application (9.4ms)
Completed 200 OK in 33ms (Views: 25.8ms | ActiveRecord: 3.3ms)


Started GET "/" for 127.0.0.1 at 2018-12-11 12:48:07 -0700
Processing by OverviewController#index as HTML
  Rendering overview/index.html.erb within layouts/application
  [1m[36mTask Load (0.3ms)[0m  [1m[34mSELECT "tasks".* FROM "tasks"[0m
  ↳ app/views/overview/index.html.erb:2
  Rendered overview/index.html.erb within layouts/application (8.9ms)
Completed 200 OK in 32ms (Views: 25.9ms | ActiveRecord: 3.2ms)


Started GET "/" for 127.0.0.1 at 2018-12-11 12:48:39 -0700
Processing by OverviewController#index as HTML
  Rendering overview/index.html.erb within layouts/application
  Rendered overview/index.html.erb within layouts/application (3.9ms)
Completed 500 Internal Server Error in 11ms (ActiveRecord: 0.0ms)


  
ActionView::Template::Error (undefined method `date' for 2018-12-11 12:48:39 -0700:Time):
    1: <h1>Projects</h1>
    2: <%= @cal.date %>
    3: <% @projects.each do |line| %>
    4: <%= line.name %><br>
    5: <% end %>
  
app/views/overview/index.html.erb:2:in `_app_views_overview_index_html_erb___2428137650856742744_70239515451340'
Started GET "/" for 127.0.0.1 at 2018-12-11 12:48:48 -0700
Processing by OverviewController#index as HTML
  Rendering overview/index.html.erb within layouts/application
  Rendered overview/index.html.erb within layouts/application (3.5ms)
Completed 500 Internal Server Error in 11ms (ActiveRecord: 0.0ms)


  
ActionView::Template::Error (undefined method `now' for 2018-12-11 12:48:48 -0700:Time
Did you mean?  noon):
    1: <h1>Projects</h1>
    2: <%= @cal.now %>
    3: <% @projects.each do |line| %>
    4: <%= line.name %><br>
    5: <% end %>
  
app/views/overview/index.html.erb:2:in `_app_views_overview_index_html_erb___2428137650856742744_70239519911320'
Started GET "/" for 127.0.0.1 at 2018-12-11 12:48:58 -0700
Processing by OverviewController#index as HTML
  Rendering overview/index.html.erb within layouts/application
  [1m[36mTask Load (0.3ms)[0m  [1m[34mSELECT "tasks".* FROM "tasks"[0m
  ↳ app/views/overview/index.html.erb:3
  Rendered overview/index.html.erb within layouts/application (1.4ms)
Completed 200 OK in 25ms (Views: 22.8ms | ActiveRecord: 0.3ms)


Started GET "/" for 127.0.0.1 at 2018-12-11 12:49:50 -0700
Processing by OverviewController#index as HTML
  Rendering overview/index.html.erb within layouts/application
  Rendered overview/index.html.erb within layouts/application (4.3ms)
Completed 500 Internal Server Error in 12ms (ActiveRecord: 0.0ms)


  
ActionView::Template::Error (undefined method `weekday' for 2018-12-11 12:49:50 -0700:Time
Did you mean?  on_weekday?):
    1: <h1>Projects</h1>
    2: <%= @cal.weekday %>
    3: <%= @cal.day %>
    4: <% @projects.each do |line| %>
    5: <%= line.name %><br>
  
app/views/overview/index.html.erb:2:in `_app_views_overview_index_html_erb___2428137650856742744_70239532197960'
Started GET "/" for 127.0.0.1 at 2018-12-11 12:59:22 -0700
Processing by OverviewController#index as HTML
  Rendering overview/index.html.erb within layouts/application
  Rendered overview/index.html.erb within layouts/application (0.6ms)
Completed 500 Internal Server Error in 7ms (ActiveRecord: 0.0ms)


  
SyntaxError (/Users/tbyington/Checkouts/github/project/app/views/overview/index.html.erb:13: syntax error, unexpected end-of-input, expecting keyword_end
          end
             ^):
  
app/views/overview/index.html.erb:13: syntax error, unexpected end-of-input, expecting keyword_end
Started GET "/" for 127.0.0.1 at 2018-12-11 12:59:42 -0700
Processing by OverviewController#index as HTML
  Rendering overview/index.html.erb within layouts/application
  Rendered overview/index.html.erb within layouts/application (0.4ms)
Completed 200 OK in 27ms (Views: 20.4ms | ActiveRecord: 0.0ms)


Started GET "/" for 127.0.0.1 at 2018-12-11 13:00:24 -0700
Processing by OverviewController#index as HTML
  Rendering overview/index.html.erb within layouts/application
  Rendered overview/index.html.erb within layouts/application (3.3ms)
Completed 200 OK in 25ms (Views: 23.0ms | ActiveRecord: 0.0ms)


Started GET "/" for 127.0.0.1 at 2018-12-11 13:02:06 -0700
Processing by OverviewController#index as HTML
  Rendering overview/index.html.erb within layouts/application
  Rendered overview/index.html.erb within layouts/application (1.0ms)
Completed 200 OK in 23ms (Views: 20.3ms | ActiveRecord: 0.0ms)


Started GET "/" for 127.0.0.1 at 2018-12-11 13:02:10 -0700
Processing by OverviewController#index as HTML
  Rendering overview/index.html.erb within layouts/application
  Rendered overview/index.html.erb within layouts/application (0.9ms)
Completed 200 OK in 23ms (Views: 20.9ms | ActiveRecord: 0.0ms)


Started GET "/" for 127.0.0.1 at 2018-12-11 13:02:11 -0700
Processing by OverviewController#index as HTML
  Rendering overview/index.html.erb within layouts/application
  Rendered overview/index.html.erb within layouts/application (0.9ms)
Completed 200 OK in 26ms (Views: 24.1ms | ActiveRecord: 0.0ms)


Started GET "/" for 127.0.0.1 at 2018-12-11 13:02:16 -0700
Processing by OverviewController#index as HTML
  Rendering overview/index.html.erb within layouts/application
  Rendered overview/index.html.erb within layouts/application (1.0ms)
Completed 200 OK in 28ms (Views: 25.4ms | ActiveRecord: 0.0ms)


Started GET "/" for 127.0.0.1 at 2018-12-11 13:02:35 -0700
Processing by OverviewController#index as HTML
  Rendering overview/index.html.erb within layouts/application
  Rendered overview/index.html.erb within layouts/application (1.0ms)
Completed 200 OK in 23ms (Views: 21.0ms | ActiveRecord: 0.0ms)


Started GET "/" for 127.0.0.1 at 2018-12-11 13:05:42 -0700
Processing by OverviewController#index as HTML
  Rendering overview/index.html.erb within layouts/application
  Rendered overview/index.html.erb within layouts/application (0.6ms)
Completed 500 Internal Server Error in 8ms (ActiveRecord: 0.0ms)


  
SyntaxError (/Users/tbyington/Checkouts/github/project/app/views/overview/index.html.erb:16: syntax error, unexpected end-of-input, expecting keyword_end
          end
             ^):
  
app/views/overview/index.html.erb:16: syntax error, unexpected end-of-input, expecting keyword_end
Started GET "/" for 127.0.0.1 at 2018-12-11 13:06:04 -0700
Processing by OverviewController#index as HTML
  Rendering overview/index.html.erb within layouts/application
  Rendered overview/index.html.erb within layouts/application (0.9ms)
Completed 200 OK in 23ms (Views: 21.0ms | ActiveRecord: 0.0ms)


Started GET "/" for 127.0.0.1 at 2018-12-11 13:07:04 -0700
Processing by OverviewController#index as HTML
  Rendering overview/index.html.erb within layouts/application
  Rendered overview/index.html.erb within layouts/application (0.9ms)
Completed 200 OK in 25ms (Views: 22.5ms | ActiveRecord: 0.0ms)


Started GET "/" for 127.0.0.1 at 2018-12-11 13:07:37 -0700
Processing by OverviewController#index as HTML
  Rendering overview/index.html.erb within layouts/application
  Rendered overview/index.html.erb within layouts/application (1.1ms)
Completed 200 OK in 30ms (Views: 27.8ms | ActiveRecord: 0.0ms)


Started GET "/" for 127.0.0.1 at 2018-12-11 13:09:36 -0700
Processing by OverviewController#index as HTML
  Rendering overview/index.html.erb within layouts/application
  [1m[36mTask Load (0.6ms)[0m  [1m[34mSELECT "tasks".* FROM "tasks"[0m
  ↳ app/views/overview/index.html.erb:7
  Rendered overview/index.html.erb within layouts/application (5.4ms)
Completed 200 OK in 28ms (Views: 22.7ms | ActiveRecord: 3.3ms)


Started GET "/" for 127.0.0.1 at 2018-12-11 13:11:48 -0700
Processing by OverviewController#index as HTML
  Rendering overview/index.html.erb within layouts/application
  [1m[36mTask Load (0.3ms)[0m  [1m[34mSELECT "tasks".* FROM "tasks"[0m
  ↳ app/views/overview/index.html.erb:9
  Rendered overview/index.html.erb within layouts/application (2.1ms)
Completed 200 OK in 27ms (Views: 24.2ms | ActiveRecord: 0.3ms)


Started GET "/" for 127.0.0.1 at 2018-12-11 13:12:20 -0700
Processing by OverviewController#index as HTML
  Rendering overview/index.html.erb within layouts/application
  Rendered overview/index.html.erb within layouts/application (0.7ms)
Completed 500 Internal Server Error in 9ms (ActiveRecord: 0.0ms)


  
SyntaxError (/Users/tbyington/Checkouts/github/project/app/views/overview/index.html.erb:6: syntax error, unexpected tIVAR, expecting ')'
...offset.day).strftime("%A") @cal+offset.day);@output_buffer.s...
...                           ^~~~):
  
app/views/overview/index.html.erb:6: syntax error, unexpected tIVAR, expecting ')'
Started GET "/" for 127.0.0.1 at 2018-12-11 13:12:36 -0700
Processing by OverviewController#index as HTML
  Rendering overview/index.html.erb within layouts/application
  Rendered overview/index.html.erb within layouts/application (0.6ms)
Completed 500 Internal Server Error in 9ms (ActiveRecord: 0.0ms)


  
SyntaxError (/Users/tbyington/Checkouts/github/project/app/views/overview/index.html.erb:6: syntax error, unexpected '(', expecting ')'
...al+offset.day).strftime("%A") (@cal+offset.day) );@output_bu...
...                              ^
/Users/tbyington/Checkouts/github/project/app/views/overview/index.html.erb:6: syntax error, unexpected ')', expecting keyword_end
...ftime("%A") (@cal+offset.day) );@output_buffer.safe_append='...
...                              ^
/Users/tbyington/Checkouts/github/project/app/views/overview/index.html.erb:20: syntax error, unexpected keyword_ensure, expecting end-of-input
          ensure
          ^~~~~~):
  
app/views/overview/index.html.erb:6: syntax error, unexpected '(', expecting ')'
app/views/overview/index.html.erb:6: syntax error, unexpected ')', expecting keyword_end
app/views/overview/index.html.erb:20: syntax error, unexpected keyword_ensure, expecting end-of-input
Started GET "/" for 127.0.0.1 at 2018-12-11 13:12:51 -0700
Processing by OverviewController#index as HTML
  Rendering overview/index.html.erb within layouts/application
  [1m[36mTask Load (0.3ms)[0m  [1m[34mSELECT "tasks".* FROM "tasks"[0m
  ↳ app/views/overview/index.html.erb:9
  Rendered overview/index.html.erb within layouts/application (2.5ms)
Completed 200 OK in 30ms (Views: 27.7ms | ActiveRecord: 0.3ms)


Started GET "/" for 127.0.0.1 at 2018-12-11 13:13:05 -0700
Processing by OverviewController#index as HTML
  Rendering overview/index.html.erb within layouts/application
  [1m[36mTask Load (0.3ms)[0m  [1m[34mSELECT "tasks".* FROM "tasks"[0m
  ↳ app/views/overview/index.html.erb:9
  Rendered overview/index.html.erb within layouts/application (2.4ms)
Completed 200 OK in 25ms (Views: 22.7ms | ActiveRecord: 0.3ms)


Started GET "/" for 127.0.0.1 at 2018-12-11 13:15:13 -0700
Processing by OverviewController#index as HTML
  Rendering overview/index.html.erb within layouts/application
  [1m[36mTask Load (0.3ms)[0m  [1m[34mSELECT "tasks".* FROM "tasks"[0m
  ↳ app/views/overview/index.html.erb:12
  Rendered overview/index.html.erb within layouts/application (2.9ms)
Completed 200 OK in 25ms (Views: 22.4ms | ActiveRecord: 0.3ms)


Started GET "/" for 127.0.0.1 at 2018-12-11 13:15:21 -0700
Processing by OverviewController#index as HTML
  Rendering overview/index.html.erb within layouts/application
  [1m[36mTask Load (0.3ms)[0m  [1m[34mSELECT "tasks".* FROM "tasks"[0m
  ↳ app/views/overview/index.html.erb:12
  Rendered overview/index.html.erb within layouts/application (3.0ms)
Completed 200 OK in 27ms (Views: 24.8ms | ActiveRecord: 0.3ms)


Started GET "/" for 127.0.0.1 at 2018-12-11 13:15:40 -0700
Processing by OverviewController#index as HTML
  Rendering overview/index.html.erb within layouts/application
  [1m[36mTask Load (0.4ms)[0m  [1m[34mSELECT "tasks".* FROM "tasks"[0m
  ↳ app/views/overview/index.html.erb:12
  Rendered overview/index.html.erb within layouts/application (2.9ms)
Completed 200 OK in 32ms (Views: 29.4ms | ActiveRecord: 0.4ms)


Started GET "/" for 127.0.0.1 at 2018-12-11 13:19:30 -0700
Processing by OverviewController#index as HTML
  Rendering overview/index.html.erb within layouts/application
  Rendered overview/index.html.erb within layouts/application (0.8ms)
Completed 500 Internal Server Error in 8ms (ActiveRecord: 0.0ms)


  
SyntaxError (/Users/tbyington/Checkouts/github/project/app/views/overview/index.html.erb:29: syntax error, unexpected end-of-input, expecting keyword_end
          end
             ^):
  
app/views/overview/index.html.erb:29: syntax error, unexpected end-of-input, expecting keyword_end
Started GET "/" for 127.0.0.1 at 2018-12-11 13:19:48 -0700
Processing by OverviewController#index as HTML
  Rendering overview/index.html.erb within layouts/application
  [1m[36mTask Load (0.3ms)[0m  [1m[34mSELECT "tasks".* FROM "tasks"[0m
  ↳ app/views/overview/index.html.erb:12
  Rendered overview/index.html.erb within layouts/application (6.3ms)
Completed 200 OK in 30ms (Views: 27.6ms | ActiveRecord: 0.3ms)


Started GET "/projects" for 127.0.0.1 at 2018-12-11 13:20:04 -0700
  
ActionController::RoutingError (No route matches [GET] "/projects"):
  
actionpack (5.2.2) lib/action_dispatch/middleware/debug_exceptions.rb:65:in `call'
web-console (3.7.0) lib/web_console/middleware.rb:135:in `call_app'
web-console (3.7.0) lib/web_console/middleware.rb:30:in `block in call'
web-console (3.7.0) lib/web_console/middleware.rb:20:in `catch'
web-console (3.7.0) lib/web_console/middleware.rb:20:in `call'
actionpack (5.2.2) lib/action_dispatch/middleware/show_exceptions.rb:33:in `call'
railties (5.2.2) lib/rails/rack/logger.rb:38:in `call_app'
railties (5.2.2) lib/rails/rack/logger.rb:26:in `block in call'
activesupport (5.2.2) lib/active_support/tagged_logging.rb:71:in `block in tagged'
activesupport (5.2.2) lib/active_support/tagged_logging.rb:28:in `tagged'
activesupport (5.2.2) lib/active_support/tagged_logging.rb:71:in `tagged'
railties (5.2.2) lib/rails/rack/logger.rb:26:in `call'
sprockets-rails (3.2.1) lib/sprockets/rails/quiet_assets.rb:13:in `call'
actionpack (5.2.2) lib/action_dispatch/middleware/remote_ip.rb:81:in `call'
actionpack (5.2.2) lib/action_dispatch/middleware/request_id.rb:27:in `call'
rack (2.0.6) lib/rack/method_override.rb:22:in `call'
rack (2.0.6) lib/rack/runtime.rb:22:in `call'
activesupport (5.2.2) lib/active_support/cache/strategy/local_cache_middleware.rb:29:in `call'
actionpack (5.2.2) lib/action_dispatch/middleware/executor.rb:14:in `call'
actionpack (5.2.2) lib/action_dispatch/middleware/static.rb:127:in `call'
rack (2.0.6) lib/rack/sendfile.rb:111:in `call'
railties (5.2.2) lib/rails/engine.rb:524:in `call'
puma (3.12.0) lib/puma/configuration.rb:225:in `call'
puma (3.12.0) lib/puma/server.rb:658:in `handle_request'
puma (3.12.0) lib/puma/server.rb:472:in `process_client'
puma (3.12.0) lib/puma/server.rb:332:in `block in run'
puma (3.12.0) lib/puma/thread_pool.rb:133:in `block in spawn_thread'
Started GET "/tasks" for 127.0.0.1 at 2018-12-11 13:20:08 -0700
Processing by TasksController#index as HTML
  Rendering tasks/index.html.erb within layouts/application
  [1m[36mTask Load (0.4ms)[0m  [1m[34mSELECT "tasks".* FROM "tasks"[0m
  ↳ app/views/tasks/index.html.erb:16
  Rendered tasks/index.html.erb within layouts/application (2.4ms)
Completed 200 OK in 27ms (Views: 24.4ms | ActiveRecord: 0.4ms)


Started GET "/" for 127.0.0.1 at 2018-12-11 13:20:44 -0700
Processing by OverviewController#index as HTML
  Rendering overview/index.html.erb within layouts/application
  [1m[36mTask Load (0.4ms)[0m  [1m[34mSELECT "tasks".* FROM "tasks"[0m
  ↳ app/views/overview/index.html.erb:12
  Rendered overview/index.html.erb within layouts/application (4.5ms)
Completed 200 OK in 33ms (Views: 30.2ms | ActiveRecord: 0.4ms)


Started GET "/" for 127.0.0.1 at 2018-12-11 13:21:15 -0700
Processing by OverviewController#index as HTML
  Rendering overview/index.html.erb within layouts/application
  [1m[36mTask Load (0.3ms)[0m  [1m[34mSELECT "tasks".* FROM "tasks"[0m
  ↳ app/views/overview/index.html.erb:12
  Rendered overview/index.html.erb within layouts/application (5.0ms)
Completed 200 OK in 29ms (Views: 26.1ms | ActiveRecord: 0.3ms)


Started GET "/" for 127.0.0.1 at 2018-12-11 13:21:16 -0700
Processing by OverviewController#index as HTML
  Rendering overview/index.html.erb within layouts/application
  [1m[36mTask Load (0.4ms)[0m  [1m[34mSELECT "tasks".* FROM "tasks"[0m
  ↳ app/views/overview/index.html.erb:12
  Rendered overview/index.html.erb within layouts/application (6.0ms)
Completed 200 OK in 32ms (Views: 29.0ms | ActiveRecord: 0.4ms)


Started GET "/" for 127.0.0.1 at 2018-12-11 13:21:36 -0700
Processing by OverviewController#index as HTML
  Rendering overview/index.html.erb within layouts/application
  [1m[36mTask Load (0.3ms)[0m  [1m[34mSELECT "tasks".* FROM "tasks"[0m
  ↳ app/views/overview/index.html.erb:12
  Rendered overview/index.html.erb within layouts/application (5.9ms)
Completed 200 OK in 32ms (Views: 27.9ms | ActiveRecord: 0.3ms)


Started GET "/" for 127.0.0.1 at 2018-12-11 13:22:14 -0700
Processing by OverviewController#index as HTML
  Rendering overview/index.html.erb within layouts/application
  Rendered overview/index.html.erb within layouts/application (4.8ms)
Completed 500 Internal Server Error in 12ms (ActiveRecord: 0.0ms)


  
SyntaxError (/Users/tbyington/Checkouts/github/project/app/views/overview/index.html.erb:25: unknown regexp options - tabl
/Users/tbyington/Checkouts/github/project/app/views/overview/index.html.erb:30: unterminated string meets end of file
          end
             ^
/Users/tbyington/Checkouts/github/project/app/views/overview/index.html.erb:30: syntax error, unexpected end-of-input, expecting keyword_end
          end
             ^):
  
app/views/overview/index.html.erb:25: unknown regexp options - tabl
app/views/overview/index.html.erb:30: unterminated string meets end of file
app/views/overview/index.html.erb:30: syntax error, unexpected end-of-input, expecting keyword_end
Started GET "/" for 127.0.0.1 at 2018-12-11 13:22:25 -0700
Processing by OverviewController#index as HTML
  Rendering overview/index.html.erb within layouts/application
  [1m[36mTask Load (0.4ms)[0m  [1m[34mSELECT "tasks".* FROM "tasks"[0m
  ↳ app/views/overview/index.html.erb:12
  Rendered overview/index.html.erb within layouts/application (5.1ms)
Completed 200 OK in 33ms (Views: 29.9ms | ActiveRecord: 0.4ms)


Started GET "/" for 127.0.0.1 at 2018-12-11 13:23:38 -0700
Processing by OverviewController#index as HTML
  Rendering overview/index.html.erb within layouts/application
  [1m[36mTask Load (0.4ms)[0m  [1m[34mSELECT "tasks".* FROM "tasks"[0m
  ↳ app/views/overview/index.html.erb:12
  Rendered overview/index.html.erb within layouts/application (4.6ms)
Completed 200 OK in 27ms (Views: 23.8ms | ActiveRecord: 0.4ms)


Started GET "/" for 127.0.0.1 at 2018-12-11 13:24:06 -0700
Processing by OverviewController#index as HTML
  Rendering overview/index.html.erb within layouts/application
  [1m[36mTask Load (0.4ms)[0m  [1m[34mSELECT "tasks".* FROM "tasks"[0m
  ↳ app/views/overview/index.html.erb:12
  Rendered overview/index.html.erb within layouts/application (4.6ms)
Completed 200 OK in 28ms (Views: 25.9ms | ActiveRecord: 0.4ms)


Started GET "/" for 127.0.0.1 at 2018-12-11 13:24:25 -0700
Processing by OverviewController#index as HTML
  Rendering overview/index.html.erb within layouts/application
  [1m[36mTask Load (0.3ms)[0m  [1m[34mSELECT "tasks".* FROM "tasks"[0m
  ↳ app/views/overview/index.html.erb:12
  Rendered overview/index.html.erb within layouts/application (5.2ms)
Completed 200 OK in 29ms (Views: 26.1ms | ActiveRecord: 0.3ms)


Started GET "/" for 127.0.0.1 at 2018-12-11 13:24:26 -0700
Processing by OverviewController#index as HTML
  Rendering overview/index.html.erb within layouts/application
  [1m[36mTask Load (0.3ms)[0m  [1m[34mSELECT "tasks".* FROM "tasks"[0m
  ↳ app/views/overview/index.html.erb:12
  Rendered overview/index.html.erb within layouts/application (5.0ms)
Completed 200 OK in 29ms (Views: 26.8ms | ActiveRecord: 0.3ms)


Started GET "/" for 127.0.0.1 at 2018-12-11 13:28:06 -0700
Processing by OverviewController#index as HTML
  Rendering overview/index.html.erb within layouts/application
  [1m[36mTask Load (0.3ms)[0m  [1m[34mSELECT "tasks".* FROM "tasks"[0m
  ↳ app/views/overview/index.html.erb:12
  Rendered overview/index.html.erb within layouts/application (9.1ms)
Completed 200 OK in 32ms (Views: 29.5ms | ActiveRecord: 0.3ms)


  [1m[35m (0.2ms)[0m  [1m[34mSELECT pg_try_advisory_lock(4514231733252208590)[0m
  ↳ /Users/tbyington/.rbenv/versions/2.5.3/gemsets/project/bin/rake:23
  [1m[35m (0.6ms)[0m  [1m[34mSELECT "schema_migrations"."version" FROM "schema_migrations" ORDER BY "schema_migrations"."version" ASC[0m
  ↳ /Users/tbyington/.rbenv/versions/2.5.3/gemsets/project/bin/rake:23
Migrating to AddColorToProject (20181211202902)
  [1m[35m (0.3ms)[0m  [1m[35mBEGIN[0m
  ↳ /Users/tbyington/.rbenv/versions/2.5.3/gemsets/project/bin/rake:23
  [1m[35m (2.7ms)[0m  [1m[35mALTER TABLE "projects" ADD "color" character varying[0m
  ↳ db/migrate/20181211202902_add_color_to_project.rb:3
  [1m[35m (0.2ms)[0m  [1m[31mROLLBACK[0m
  ↳ /Users/tbyington/.rbenv/versions/2.5.3/gemsets/project/bin/rake:23
  [1m[35m (0.3ms)[0m  [1m[34mSELECT pg_advisory_unlock(4514231733252208590)[0m
  ↳ /Users/tbyington/.rbenv/versions/2.5.3/gemsets/project/bin/rake:23
  [1m[35m (0.2ms)[0m  [1m[34mSELECT pg_try_advisory_lock(4514231733252208590)[0m
  ↳ /Users/tbyington/.rbenv/versions/2.5.3/gemsets/project/bin/rake:23
  [1m[35m (0.6ms)[0m  [1m[34mSELECT "schema_migrations"."version" FROM "schema_migrations" ORDER BY "schema_migrations"."version" ASC[0m
  ↳ /Users/tbyington/.rbenv/versions/2.5.3/gemsets/project/bin/rake:23
Migrating to AddColorToTask (20181211202902)
  [1m[35m (0.2ms)[0m  [1m[35mBEGIN[0m
  ↳ /Users/tbyington/.rbenv/versions/2.5.3/gemsets/project/bin/rake:23
  [1m[35m (1.1ms)[0m  [1m[35mALTER TABLE "tasks" ADD "color" character varying[0m
  ↳ db/migrate/20181211202902_add_color_to_task.rb:3
  [1m[36mActiveRecord::SchemaMigration Create (0.8ms)[0m  [1m[32mINSERT INTO "schema_migrations" ("version") VALUES ($1) RETURNING "version"[0m  [["version", "20181211202902"]]
  ↳ /Users/tbyington/.rbenv/versions/2.5.3/gemsets/project/bin/rake:23
  [1m[35m (1.4ms)[0m  [1m[35mCOMMIT[0m
  ↳ /Users/tbyington/.rbenv/versions/2.5.3/gemsets/project/bin/rake:23
  [1m[36mActiveRecord::InternalMetadata Load (0.4ms)[0m  [1m[34mSELECT  "ar_internal_metadata".* FROM "ar_internal_metadata" WHERE "ar_internal_metadata"."key" = $1 LIMIT $2[0m  [["key", "environment"], ["LIMIT", 1]]
  ↳ /Users/tbyington/.rbenv/versions/2.5.3/gemsets/project/bin/rake:23
  [1m[35m (0.2ms)[0m  [1m[35mBEGIN[0m
  ↳ /Users/tbyington/.rbenv/versions/2.5.3/gemsets/project/bin/rake:23
  [1m[35m (0.2ms)[0m  [1m[35mCOMMIT[0m
  ↳ /Users/tbyington/.rbenv/versions/2.5.3/gemsets/project/bin/rake:23
  [1m[35m (0.2ms)[0m  [1m[34mSELECT pg_advisory_unlock(4514231733252208590)[0m
  ↳ /Users/tbyington/.rbenv/versions/2.5.3/gemsets/project/bin/rake:23
  [1m[35m (0.3ms)[0m  [1m[34mSELECT "schema_migrations"."version" FROM "schema_migrations" ORDER BY "schema_migrations"."version" ASC[0m
  ↳ /Users/tbyington/.rbenv/versions/2.5.3/gemsets/project/bin/rake:23
Started GET "/task" for 127.0.0.1 at 2018-12-11 13:31:01 -0700
  [1m[35m (0.6ms)[0m  [1m[34mSELECT "schema_migrations"."version" FROM "schema_migrations" ORDER BY "schema_migrations"."version" ASC[0m
  ↳ /Users/tbyington/.rbenv/versions/2.5.3/gemsets/project/gems/activerecord-5.2.2/lib/active_record/log_subscriber.rb:98
  
ActionController::RoutingError (No route matches [GET] "/task"):
  
actionpack (5.2.2) lib/action_dispatch/middleware/debug_exceptions.rb:65:in `call'
web-console (3.7.0) lib/web_console/middleware.rb:135:in `call_app'
web-console (3.7.0) lib/web_console/middleware.rb:30:in `block in call'
web-console (3.7.0) lib/web_console/middleware.rb:20:in `catch'
web-console (3.7.0) lib/web_console/middleware.rb:20:in `call'
actionpack (5.2.2) lib/action_dispatch/middleware/show_exceptions.rb:33:in `call'
railties (5.2.2) lib/rails/rack/logger.rb:38:in `call_app'
railties (5.2.2) lib/rails/rack/logger.rb:26:in `block in call'
activesupport (5.2.2) lib/active_support/tagged_logging.rb:71:in `block in tagged'
activesupport (5.2.2) lib/active_support/tagged_logging.rb:28:in `tagged'
activesupport (5.2.2) lib/active_support/tagged_logging.rb:71:in `tagged'
railties (5.2.2) lib/rails/rack/logger.rb:26:in `call'
sprockets-rails (3.2.1) lib/sprockets/rails/quiet_assets.rb:13:in `call'
actionpack (5.2.2) lib/action_dispatch/middleware/remote_ip.rb:81:in `call'
actionpack (5.2.2) lib/action_dispatch/middleware/request_id.rb:27:in `call'
rack (2.0.6) lib/rack/method_override.rb:22:in `call'
rack (2.0.6) lib/rack/runtime.rb:22:in `call'
activesupport (5.2.2) lib/active_support/cache/strategy/local_cache_middleware.rb:29:in `call'
actionpack (5.2.2) lib/action_dispatch/middleware/executor.rb:14:in `call'
actionpack (5.2.2) lib/action_dispatch/middleware/static.rb:127:in `call'
rack (2.0.6) lib/rack/sendfile.rb:111:in `call'
railties (5.2.2) lib/rails/engine.rb:524:in `call'
puma (3.12.0) lib/puma/configuration.rb:225:in `call'
puma (3.12.0) lib/puma/server.rb:658:in `handle_request'
puma (3.12.0) lib/puma/server.rb:472:in `process_client'
puma (3.12.0) lib/puma/server.rb:332:in `block in run'
puma (3.12.0) lib/puma/thread_pool.rb:133:in `block in spawn_thread'
Started GET "/tasks" for 127.0.0.1 at 2018-12-11 13:31:05 -0700
Processing by TasksController#index as HTML
  Rendering tasks/index.html.erb within layouts/application
  [1m[36mTask Load (0.6ms)[0m  [1m[34mSELECT "tasks".* FROM "tasks"[0m
  ↳ app/views/tasks/index.html.erb:16
  Rendered tasks/index.html.erb within layouts/application (19.0ms)
Completed 200 OK in 173ms (Views: 162.3ms | ActiveRecord: 6.0ms)


Started GET "/tasks/1/edit" for 127.0.0.1 at 2018-12-11 13:31:10 -0700
Processing by TasksController#edit as HTML
  Parameters: {"id"=>"1"}
  [1m[36mTask Load (0.4ms)[0m  [1m[34mSELECT  "tasks".* FROM "tasks" WHERE "tasks"."id" = $1 LIMIT $2[0m  [["id", 1], ["LIMIT", 1]]
  ↳ app/controllers/tasks_controller.rb:67
  Rendering tasks/edit.html.erb within layouts/application
  Rendered tasks/_form.html.erb (8.9ms)
  Rendered tasks/edit.html.erb within layouts/application (11.1ms)
Completed 200 OK in 52ms (Views: 44.1ms | ActiveRecord: 0.6ms)


Started GET "/tasks" for 127.0.0.1 at 2018-12-11 13:31:19 -0700
Processing by TasksController#index as HTML
  Rendering tasks/index.html.erb within layouts/application
  [1m[36mTask Load (0.4ms)[0m  [1m[34mSELECT "tasks".* FROM "tasks"[0m
  ↳ app/views/tasks/index.html.erb:16
  Rendered tasks/index.html.erb within layouts/application (2.1ms)
Completed 200 OK in 31ms (Views: 28.3ms | ActiveRecord: 0.4ms)


Started GET "/tasks/2" for 127.0.0.1 at 2018-12-11 13:31:21 -0700
Processing by TasksController#show as HTML
  Parameters: {"id"=>"2"}
  [1m[36mTask Load (0.4ms)[0m  [1m[34mSELECT  "tasks".* FROM "tasks" WHERE "tasks"."id" = $1 LIMIT $2[0m  [["id", 2], ["LIMIT", 1]]
  ↳ app/controllers/tasks_controller.rb:67
  Rendering tasks/show.html.erb within layouts/application
  Rendered tasks/show.html.erb within layouts/application (0.8ms)
Completed 200 OK in 34ms (Views: 29.9ms | ActiveRecord: 0.4ms)


Started GET "/tasks" for 127.0.0.1 at 2018-12-11 13:31:23 -0700
Processing by TasksController#index as HTML
  Rendering tasks/index.html.erb within layouts/application
  [1m[36mTask Load (0.3ms)[0m  [1m[34mSELECT "tasks".* FROM "tasks"[0m
  ↳ app/views/tasks/index.html.erb:16
  Rendered tasks/index.html.erb within layouts/application (3.2ms)
Completed 200 OK in 43ms (Views: 39.5ms | ActiveRecord: 0.3ms)


Started GET "/tasks/new" for 127.0.0.1 at 2018-12-11 13:31:25 -0700
Processing by TasksController#new as HTML
  Rendering tasks/new.html.erb within layouts/application
  Rendered tasks/_form.html.erb (6.4ms)
  Rendered tasks/new.html.erb within layouts/application (8.6ms)
Completed 200 OK in 46ms (Views: 43.7ms | ActiveRecord: 0.0ms)


Started GET "/tasks" for 127.0.0.1 at 2018-12-11 13:31:35 -0700
Processing by TasksController#index as HTML
  Rendering tasks/index.html.erb within layouts/application
  [1m[36mTask Load (0.3ms)[0m  [1m[34mSELECT "tasks".* FROM "tasks"[0m
  ↳ app/views/tasks/index.html.erb:16
  Rendered tasks/index.html.erb within layouts/application (2.3ms)
Completed 200 OK in 31ms (Views: 28.4ms | ActiveRecord: 0.3ms)


Started GET "/tasks/2" for 127.0.0.1 at 2018-12-11 13:33:06 -0700
Processing by TasksController#show as HTML
  Parameters: {"id"=>"2"}
  [1m[36mTask Load (0.4ms)[0m  [1m[34mSELECT  "tasks".* FROM "tasks" WHERE "tasks"."id" = $1 LIMIT $2[0m  [["id", 2], ["LIMIT", 1]]
  ↳ app/controllers/tasks_controller.rb:67
  Rendering tasks/show.html.erb within layouts/application
  Rendered tasks/show.html.erb within layouts/application (0.6ms)
Completed 200 OK in 35ms (Views: 21.2ms | ActiveRecord: 3.5ms)


Started GET "/tasks" for 127.0.0.1 at 2018-12-11 13:33:07 -0700
Processing by TasksController#index as HTML
  Rendering tasks/index.html.erb within layouts/application
  [1m[36mTask Load (0.4ms)[0m  [1m[34mSELECT "tasks".* FROM "tasks"[0m
  ↳ app/views/tasks/index.html.erb:16
  Rendered tasks/index.html.erb within layouts/application (2.9ms)
Completed 200 OK in 36ms (Views: 33.6ms | ActiveRecord: 0.4ms)


Started GET "/tasks/1/edit" for 127.0.0.1 at 2018-12-11 13:33:08 -0700
Processing by TasksController#edit as HTML
  Parameters: {"id"=>"1"}
  [1m[36mTask Load (0.4ms)[0m  [1m[34mSELECT  "tasks".* FROM "tasks" WHERE "tasks"."id" = $1 LIMIT $2[0m  [["id", 1], ["LIMIT", 1]]
  ↳ app/controllers/tasks_controller.rb:67
  Rendering tasks/edit.html.erb within layouts/application
  Rendered tasks/_form.html.erb (4.1ms)
  Rendered tasks/edit.html.erb within layouts/application (6.1ms)
Completed 200 OK in 32ms (Views: 27.6ms | ActiveRecord: 0.4ms)


Started PATCH "/tasks/1" for 127.0.0.1 at 2018-12-11 13:33:13 -0700
Processing by TasksController#update as HTML
  Parameters: {"utf8"=>"✓", "authenticity_token"=>"eqQhUDleJHPDr5nwynYc5YhpYO5qRWciCvTY1N0w+Gxjo7iZ6mG9Q15U9kEPN3vZr53Oz84jxXO5KbN2RxTstA==", "task"=>{"name"=>"Project Tool", "color"=>"Purple", "start(1i)"=>"2018", "start(2i)"=>"12", "start(3i)"=>"11", "end(1i)"=>"2018", "end(2i)"=>"12", "end(3i)"=>"31"}, "commit"=>"Update Task", "id"=>"1"}
  [1m[36mTask Load (0.4ms)[0m  [1m[34mSELECT  "tasks".* FROM "tasks" WHERE "tasks"."id" = $1 LIMIT $2[0m  [["id", 1], ["LIMIT", 1]]
  ↳ app/controllers/tasks_controller.rb:67
  [1m[35m (0.2ms)[0m  [1m[35mBEGIN[0m
  ↳ app/controllers/tasks_controller.rb:44
  [1m[36mTask Update (1.2ms)[0m  [1m[33mUPDATE "tasks" SET "color" = $1, "updated_at" = $2 WHERE "tasks"."id" = $3[0m  [["color", "Purple"], ["updated_at", "2018-12-11 20:33:13.989008"], ["id", 1]]
  ↳ app/controllers/tasks_controller.rb:44
  [1m[35m (0.4ms)[0m  [1m[35mCOMMIT[0m
  ↳ app/controllers/tasks_controller.rb:44
Redirected to http://localhost:3000/tasks/1
Completed 302 Found in 7ms (ActiveRecord: 2.1ms)


Started GET "/tasks/1" for 127.0.0.1 at 2018-12-11 13:33:13 -0700
Processing by TasksController#show as HTML
  Parameters: {"id"=>"1"}
  [1m[36mTask Load (0.3ms)[0m  [1m[34mSELECT  "tasks".* FROM "tasks" WHERE "tasks"."id" = $1 LIMIT $2[0m  [["id", 1], ["LIMIT", 1]]
  ↳ app/controllers/tasks_controller.rb:67
  Rendering tasks/show.html.erb within layouts/application
  Rendered tasks/show.html.erb within layouts/application (0.8ms)
Completed 200 OK in 24ms (Views: 21.7ms | ActiveRecord: 0.3ms)


Started GET "/tasks/1" for 127.0.0.1 at 2018-12-11 13:33:58 -0700
Processing by TasksController#show as HTML
  Parameters: {"id"=>"1"}
  [1m[36mTask Load (0.3ms)[0m  [1m[34mSELECT  "tasks".* FROM "tasks" WHERE "tasks"."id" = $1 LIMIT $2[0m  [["id", 1], ["LIMIT", 1]]
  ↳ app/controllers/tasks_controller.rb:67
  Rendering tasks/show.html.erb within layouts/application
  Rendered tasks/show.html.erb within layouts/application (0.6ms)
Completed 200 OK in 22ms (Views: 19.3ms | ActiveRecord: 0.3ms)


Started GET "/tasks" for 127.0.0.1 at 2018-12-11 13:34:01 -0700
Processing by TasksController#index as HTML
  Rendering tasks/index.html.erb within layouts/application
  [1m[36mTask Load (0.3ms)[0m  [1m[34mSELECT "tasks".* FROM "tasks"[0m
  ↳ app/views/tasks/index.html.erb:16
  Rendered tasks/index.html.erb within layouts/application (1.9ms)
Completed 200 OK in 25ms (Views: 22.5ms | ActiveRecord: 0.3ms)


Started GET "/tasks" for 127.0.0.1 at 2018-12-11 13:34:18 -0700
Processing by TasksController#index as HTML
  Rendering tasks/index.html.erb within layouts/application
  [1m[36mTask Load (0.4ms)[0m  [1m[34mSELECT "tasks".* FROM "tasks"[0m
  ↳ app/views/tasks/index.html.erb:17
  Rendered tasks/index.html.erb within layouts/application (2.2ms)
Completed 200 OK in 24ms (Views: 21.6ms | ActiveRecord: 0.4ms)


Started GET "/tasks/2/edit" for 127.0.0.1 at 2018-12-11 13:34:22 -0700
Processing by TasksController#edit as HTML
  Parameters: {"id"=>"2"}
  [1m[36mTask Load (0.3ms)[0m  [1m[34mSELECT  "tasks".* FROM "tasks" WHERE "tasks"."id" = $1 LIMIT $2[0m  [["id", 2], ["LIMIT", 1]]
  ↳ app/controllers/tasks_controller.rb:67
  Rendering tasks/edit.html.erb within layouts/application
  Rendered tasks/_form.html.erb (3.4ms)
  Rendered tasks/edit.html.erb within layouts/application (6.1ms)
Completed 200 OK in 30ms (Views: 26.9ms | ActiveRecord: 0.3ms)


Started PATCH "/tasks/2" for 127.0.0.1 at 2018-12-11 13:34:26 -0700
Processing by TasksController#update as HTML
  Parameters: {"utf8"=>"✓", "authenticity_token"=>"VN0CALvp3D/7RcwGrrcFuml9GywGkgcsnbHUO9ueks21yuKhz/93rOwH4UdQ7sV4T3TkAlYnD1jEb2cfeYfYvA==", "task"=>{"name"=>"Automation Tool", "color"=>"Green", "start(1i)"=>"2018", "start(2i)"=>"12", "start(3i)"=>"17", "end(1i)"=>"2019", "end(2i)"=>"1", "end(3i)"=>"22"}, "commit"=>"Update Task", "id"=>"2"}
  [1m[36mTask Load (0.3ms)[0m  [1m[34mSELECT  "tasks".* FROM "tasks" WHERE "tasks"."id" = $1 LIMIT $2[0m  [["id", 2], ["LIMIT", 1]]
  ↳ app/controllers/tasks_controller.rb:67
  [1m[35m (0.2ms)[0m  [1m[35mBEGIN[0m
  ↳ app/controllers/tasks_controller.rb:44
  [1m[36mTask Update (0.4ms)[0m  [1m[33mUPDATE "tasks" SET "color" = $1, "updated_at" = $2 WHERE "tasks"."id" = $3[0m  [["color", "Green"], ["updated_at", "2018-12-11 20:34:26.740392"], ["id", 2]]
  ↳ app/controllers/tasks_controller.rb:44
  [1m[35m (0.3ms)[0m  [1m[35mCOMMIT[0m
  ↳ app/controllers/tasks_controller.rb:44
Redirected to http://localhost:3000/tasks/2
Completed 302 Found in 5ms (ActiveRecord: 1.2ms)


Started GET "/tasks/2" for 127.0.0.1 at 2018-12-11 13:34:26 -0700
Processing by TasksController#show as HTML
  Parameters: {"id"=>"2"}
  [1m[36mTask Load (0.2ms)[0m  [1m[34mSELECT  "tasks".* FROM "tasks" WHERE "tasks"."id" = $1 LIMIT $2[0m  [["id", 2], ["LIMIT", 1]]
  ↳ app/controllers/tasks_controller.rb:67
  Rendering tasks/show.html.erb within layouts/application
  Rendered tasks/show.html.erb within layouts/application (0.6ms)
Completed 200 OK in 24ms (Views: 21.1ms | ActiveRecord: 0.2ms)


Started GET "/" for 127.0.0.1 at 2018-12-11 13:34:55 -0700
Processing by OverviewController#index as HTML
  Rendering overview/index.html.erb within layouts/application
  [1m[36mTask Load (0.4ms)[0m  [1m[34mSELECT "tasks".* FROM "tasks"[0m
  ↳ app/views/overview/index.html.erb:12
  Rendered overview/index.html.erb within layouts/application (7.4ms)
Completed 500 Internal Server Error in 15ms (ActiveRecord: 0.4ms)


  
ActionView::Template::Error (undefined method `color' for 2018-12-11 13:34:55 -0700:Time):
    15:       <% 20.times do |offset = 0| %>
    16:       <% color = 'white'
    17:       if proj.start <= (@cal+offset.day) && proj.end >= (@cal+offset.day)
    18:         color = @cal.color
    19:       end
    20:         %>
    21:         <td bgcolor="<%= color %>"></td>
  
app/views/overview/index.html.erb:18:in `block (2 levels) in _app_views_overview_index_html_erb___3222876632646913221_70127536466660'
app/views/overview/index.html.erb:15:in `times'
app/views/overview/index.html.erb:15:in `block in _app_views_overview_index_html_erb___3222876632646913221_70127536466660'
app/views/overview/index.html.erb:12:in `_app_views_overview_index_html_erb___3222876632646913221_70127536466660'
Started GET "/" for 127.0.0.1 at 2018-12-11 13:35:13 -0700
Processing by OverviewController#index as HTML
  Rendering overview/index.html.erb within layouts/application
  [1m[36mTask Load (0.4ms)[0m  [1m[34mSELECT "tasks".* FROM "tasks"[0m
  ↳ app/views/overview/index.html.erb:12
  Rendered overview/index.html.erb within layouts/application (4.8ms)
Completed 200 OK in 28ms (Views: 25.3ms | ActiveRecord: 0.4ms)


